<?xml version="1.0" encoding="UTF-8"?>
<results version="2">
    <cppcheck version="2.7"/>
    <errors>
        <error id="internalError" severity="information" msg="Bailing out from checking air/pos/bare/arm/init.c since there was an internal error: Failed to execute &apos;python3 /usr/lib/x86_64-linux-gnu/cppcheck/addons/runaddon.py /usr/lib/x86_64-linux-gnu/cppcheck/addons/misra.py --cli --rule-texts=misra-rules-to-correct.txt --suppress-rules 1.2,1,4,2.3,2.4,2.5,2.6,2.7,4.2,5.9,7.2,8.7,8.8,8.9,8.11,8.13,9.2,9.4,10.3,10.4,10.5,10.6,10.7,11.1,11.2,11.3,11.4,11.5,11.6,11.9,12.1,12.3,12.4,13.3,13.4,15.1,15.4,15.5,15.7,16.5,16.6,16.7,17.1,17.2,17.5,17.8,18.4,18.5,19.2,20.1,20.5,20.10,21.12,22.8,22.9,22.10 air/pos/bare/arm/init.c.dump&apos;. Fatal error: file is not found: misra-rules-to-correct.txt" verbose="Bailing out from checking air/pos/bare/arm/init.c since there was an internal error: Failed to execute &apos;python3 /usr/lib/x86_64-linux-gnu/cppcheck/addons/runaddon.py /usr/lib/x86_64-linux-gnu/cppcheck/addons/misra.py --cli --rule-texts=misra-rules-to-correct.txt --suppress-rules 1.2,1,4,2.3,2.4,2.5,2.6,2.7,4.2,5.9,7.2,8.7,8.8,8.9,8.11,8.13,9.2,9.4,10.3,10.4,10.5,10.6,10.7,11.1,11.2,11.3,11.4,11.5,11.6,11.9,12.1,12.3,12.4,13.3,13.4,15.1,15.4,15.5,15.7,16.5,16.6,16.7,17.1,17.2,17.5,17.8,18.4,18.5,19.2,20.1,20.5,20.10,21.12,22.8,22.9,22.10 air/pos/bare/arm/init.c.dump&apos;. Fatal error: file is not found: misra-rules-to-correct.txt">
            <location file="air/pos/bare/arm/init.c" line="0" column="0"/>
        </error>
        <error id="internalError" severity="information" msg="Bailing out from checking air/pos/bare/arm/isr.c since there was an internal error: Failed to execute &apos;python3 /usr/lib/x86_64-linux-gnu/cppcheck/addons/runaddon.py /usr/lib/x86_64-linux-gnu/cppcheck/addons/misra.py --cli --rule-texts=misra-rules-to-correct.txt --suppress-rules 1.2,1,4,2.3,2.4,2.5,2.6,2.7,4.2,5.9,7.2,8.7,8.8,8.9,8.11,8.13,9.2,9.4,10.3,10.4,10.5,10.6,10.7,11.1,11.2,11.3,11.4,11.5,11.6,11.9,12.1,12.3,12.4,13.3,13.4,15.1,15.4,15.5,15.7,16.5,16.6,16.7,17.1,17.2,17.5,17.8,18.4,18.5,19.2,20.1,20.5,20.10,21.12,22.8,22.9,22.10 air/pos/bare/arm/isr.c.dump&apos;. Fatal error: file is not found: misra-rules-to-correct.txt" verbose="Bailing out from checking air/pos/bare/arm/isr.c since there was an internal error: Failed to execute &apos;python3 /usr/lib/x86_64-linux-gnu/cppcheck/addons/runaddon.py /usr/lib/x86_64-linux-gnu/cppcheck/addons/misra.py --cli --rule-texts=misra-rules-to-correct.txt --suppress-rules 1.2,1,4,2.3,2.4,2.5,2.6,2.7,4.2,5.9,7.2,8.7,8.8,8.9,8.11,8.13,9.2,9.4,10.3,10.4,10.5,10.6,10.7,11.1,11.2,11.3,11.4,11.5,11.6,11.9,12.1,12.3,12.4,13.3,13.4,15.1,15.4,15.5,15.7,16.5,16.6,16.7,17.1,17.2,17.5,17.8,18.4,18.5,19.2,20.1,20.5,20.10,21.12,22.8,22.9,22.10 air/pos/bare/arm/isr.c.dump&apos;. Fatal error: file is not found: misra-rules-to-correct.txt">
            <location file="air/pos/bare/arm/isr.c" line="0" column="0"/>
        </error>
        <error id="internalError" severity="information" msg="Bailing out from checking air/pos/bare/arm/smp.c since there was an internal error: Failed to execute &apos;python3 /usr/lib/x86_64-linux-gnu/cppcheck/addons/runaddon.py /usr/lib/x86_64-linux-gnu/cppcheck/addons/misra.py --cli --rule-texts=misra-rules-to-correct.txt --suppress-rules 1.2,1,4,2.3,2.4,2.5,2.6,2.7,4.2,5.9,7.2,8.7,8.8,8.9,8.11,8.13,9.2,9.4,10.3,10.4,10.5,10.6,10.7,11.1,11.2,11.3,11.4,11.5,11.6,11.9,12.1,12.3,12.4,13.3,13.4,15.1,15.4,15.5,15.7,16.5,16.6,16.7,17.1,17.2,17.5,17.8,18.4,18.5,19.2,20.1,20.5,20.10,21.12,22.8,22.9,22.10 air/pos/bare/arm/smp.c.dump&apos;. Fatal error: file is not found: misra-rules-to-correct.txt" verbose="Bailing out from checking air/pos/bare/arm/smp.c since there was an internal error: Failed to execute &apos;python3 /usr/lib/x86_64-linux-gnu/cppcheck/addons/runaddon.py /usr/lib/x86_64-linux-gnu/cppcheck/addons/misra.py --cli --rule-texts=misra-rules-to-correct.txt --suppress-rules 1.2,1,4,2.3,2.4,2.5,2.6,2.7,4.2,5.9,7.2,8.7,8.8,8.9,8.11,8.13,9.2,9.4,10.3,10.4,10.5,10.6,10.7,11.1,11.2,11.3,11.4,11.5,11.6,11.9,12.1,12.3,12.4,13.3,13.4,15.1,15.4,15.5,15.7,16.5,16.6,16.7,17.1,17.2,17.5,17.8,18.4,18.5,19.2,20.1,20.5,20.10,21.12,22.8,22.9,22.10 air/pos/bare/arm/smp.c.dump&apos;. Fatal error: file is not found: misra-rules-to-correct.txt">
            <location file="air/pos/bare/arm/smp.c" line="0" column="0"/>
        </error>
        <error id="internalError" severity="information" msg="Bailing out from checking air/pos/bare/sparc/isr.c since there was an internal error: Failed to execute &apos;python3 /usr/lib/x86_64-linux-gnu/cppcheck/addons/runaddon.py /usr/lib/x86_64-linux-gnu/cppcheck/addons/misra.py --cli --rule-texts=misra-rules-to-correct.txt --suppress-rules 1.2,1,4,2.3,2.4,2.5,2.6,2.7,4.2,5.9,7.2,8.7,8.8,8.9,8.11,8.13,9.2,9.4,10.3,10.4,10.5,10.6,10.7,11.1,11.2,11.3,11.4,11.5,11.6,11.9,12.1,12.3,12.4,13.3,13.4,15.1,15.4,15.5,15.7,16.5,16.6,16.7,17.1,17.2,17.5,17.8,18.4,18.5,19.2,20.1,20.5,20.10,21.12,22.8,22.9,22.10 air/pos/bare/sparc/isr.c.dump&apos;. Fatal error: file is not found: misra-rules-to-correct.txt" verbose="Bailing out from checking air/pos/bare/sparc/isr.c since there was an internal error: Failed to execute &apos;python3 /usr/lib/x86_64-linux-gnu/cppcheck/addons/runaddon.py /usr/lib/x86_64-linux-gnu/cppcheck/addons/misra.py --cli --rule-texts=misra-rules-to-correct.txt --suppress-rules 1.2,1,4,2.3,2.4,2.5,2.6,2.7,4.2,5.9,7.2,8.7,8.8,8.9,8.11,8.13,9.2,9.4,10.3,10.4,10.5,10.6,10.7,11.1,11.2,11.3,11.4,11.5,11.6,11.9,12.1,12.3,12.4,13.3,13.4,15.1,15.4,15.5,15.7,16.5,16.6,16.7,17.1,17.2,17.5,17.8,18.4,18.5,19.2,20.1,20.5,20.10,21.12,22.8,22.9,22.10 air/pos/bare/sparc/isr.c.dump&apos;. Fatal error: file is not found: misra-rules-to-correct.txt">
            <location file="air/pos/bare/sparc/isr.c" line="0" column="0"/>
        </error>
        <error id="arrayIndexOutOfBoundsCond" severity="warning" msg="Either the condition &apos;core_id&gt;4&apos; is redundant or the array &apos;smp_entry_point[4]&apos; is accessed at index 4, which is out of bounds." verbose="Either the condition &apos;core_id&gt;4&apos; is redundant or the array &apos;smp_entry_point[4]&apos; is accessed at index 4, which is out of bounds." cwe="788" file0="air/pos/bare/sparc/smp.c">
            <location file="air/pos/bare/sparc/smp.c" line="66" column="20" info="Array index out of bounds"/>
            <location file="air/pos/bare/sparc/smp.c" line="60" column="32" info="Assuming that condition &apos;core_id&gt;4&apos; is not redundant"/>
        </error>
        <error id="unsignedLessThanZero" severity="style" msg="Checking if unsigned expression &apos;ticks&apos; is less than zero." verbose="The unsigned expression &apos;ticks&apos; will never be negative so it is either pointless or an error to check if it is." cwe="570" file0="air/pos/bare/sparc/smp.c">
            <location file="air/pos/bare/sparc/smp.c" line="75" column="15" info="Unsigned less than zero"/>
            <symbol>ticks</symbol>
        </error>
        <error id="internalError" severity="information" msg="Bailing out from checking air/pos/bare/sparc/smp.c since there was an internal error: Failed to execute &apos;python3 /usr/lib/x86_64-linux-gnu/cppcheck/addons/runaddon.py /usr/lib/x86_64-linux-gnu/cppcheck/addons/misra.py --cli --rule-texts=misra-rules-to-correct.txt --suppress-rules 1.2,1,4,2.3,2.4,2.5,2.6,2.7,4.2,5.9,7.2,8.7,8.8,8.9,8.11,8.13,9.2,9.4,10.3,10.4,10.5,10.6,10.7,11.1,11.2,11.3,11.4,11.5,11.6,11.9,12.1,12.3,12.4,13.3,13.4,15.1,15.4,15.5,15.7,16.5,16.6,16.7,17.1,17.2,17.5,17.8,18.4,18.5,19.2,20.1,20.5,20.10,21.12,22.8,22.9,22.10 air/pos/bare/sparc/smp.c.dump&apos;. Fatal error: file is not found: misra-rules-to-correct.txt" verbose="Bailing out from checking air/pos/bare/sparc/smp.c since there was an internal error: Failed to execute &apos;python3 /usr/lib/x86_64-linux-gnu/cppcheck/addons/runaddon.py /usr/lib/x86_64-linux-gnu/cppcheck/addons/misra.py --cli --rule-texts=misra-rules-to-correct.txt --suppress-rules 1.2,1,4,2.3,2.4,2.5,2.6,2.7,4.2,5.9,7.2,8.7,8.8,8.9,8.11,8.13,9.2,9.4,10.3,10.4,10.5,10.6,10.7,11.1,11.2,11.3,11.4,11.5,11.6,11.9,12.1,12.3,12.4,13.3,13.4,15.1,15.4,15.5,15.7,16.5,16.6,16.7,17.1,17.2,17.5,17.8,18.4,18.5,19.2,20.1,20.5,20.10,21.12,22.8,22.9,22.10 air/pos/bare/sparc/smp.c.dump&apos;. Fatal error: file is not found: misra-rules-to-correct.txt">
            <location file="air/pos/bare/sparc/smp.c" line="0" column="0"/>
        </error>
        <error id="unusedFunction" severity="style" msg="The function &apos;arm_pos_init&apos; is never used." verbose="The function &apos;arm_pos_init&apos; is never used." cwe="561">
            <location file="air/pos/bare/arm/init.c" line="27" column="0"/>
            <symbol>arm_pos_init</symbol>
        </error>
        <error id="unusedFunction" severity="style" msg="The function &apos;boot_core&apos; is never used." verbose="The function &apos;boot_core&apos; is never used." cwe="561">
            <location file="air/pos/bare/sparc/smp.c" line="56" column="0"/>
            <symbol>boot_core</symbol>
        </error>
        <error id="unusedFunction" severity="style" msg="The function &apos;isr_install_handler&apos; is never used." verbose="The function &apos;isr_install_handler&apos; is never used." cwe="561">
            <location file="air/pos/bare/arm/isr.c" line="28" column="0"/>
            <symbol>isr_install_handler</symbol>
        </error>
        <error id="unusedFunction" severity="style" msg="The function &apos;pos_hm_data_abort&apos; is never used." verbose="The function &apos;pos_hm_data_abort&apos; is never used." cwe="561">
            <location file="air/pos/bare/arm/isr.c" line="65" column="0"/>
            <symbol>pos_hm_data_abort</symbol>
        </error>
        <error id="unusedFunction" severity="style" msg="The function &apos;pos_hm_pref_abort&apos; is never used." verbose="The function &apos;pos_hm_pref_abort&apos; is never used." cwe="561">
            <location file="air/pos/bare/arm/isr.c" line="53" column="0"/>
            <symbol>pos_hm_pref_abort</symbol>
        </error>
        <error id="unusedFunction" severity="style" msg="The function &apos;pos_hm_undef&apos; is never used." verbose="The function &apos;pos_hm_undef&apos; is never used." cwe="561">
            <location file="air/pos/bare/arm/isr.c" line="41" column="0"/>
            <symbol>pos_hm_undef</symbol>
        </error>
        <error id="unusedFunction" severity="style" msg="The function &apos;sparc_smp_init&apos; is never used." verbose="The function &apos;sparc_smp_init&apos; is never used." cwe="561">
            <location file="air/pos/bare/sparc/smp.c" line="37" column="0"/>
            <symbol>sparc_smp_init</symbol>
        </error>
        <error id="unusedFunction" severity="style" msg="The function &apos;wake_after&apos; is never used." verbose="The function &apos;wake_after&apos; is never used." cwe="561">
            <location file="air/pos/bare/sparc/smp.c" line="72" column="0"/>
            <symbol>wake_after</symbol>
        </error>
        <error id="missingIncludeSystem" severity="information" msg="Cppcheck cannot find all the include files (use --check-config for details)" verbose="Cppcheck cannot find all the include files. Cppcheck can check the code without the include files found. But the results will probably be more accurate if all the include files are found. Please check your project&apos;s include directories and add all of them as include directories for Cppcheck. To see what files Cppcheck cannot find use --check-config."/>
    </errors>
</results>
