TN:
SF:/home/taste/work/air-dev/air/examples/gcov5/part0/main.c
FN:38,entry_point
FNDA:1,entry_point
FNF:1
FNH:1
DA:38,1
DA:40,1
DA:41,17
DA:46,15
DA:55,15
DA:56,15
DA:59,1
LF:7
LH:7
end_of_record
TN:
SF:/home/taste/work/air-dev/air/examples/gcov5/part0/gcc_7_3.c
FN:103,counter_active
FN:112,gcov_info_filename
FN:281,store_gcov_u32
FN:305,store_gcov_u64
FN:326,convert_to_gcda
FNDA:226,counter_active
FNDA:7,gcov_info_filename
FNDA:192,store_gcov_u32
FNDA:103,store_gcov_u64
FNDA:8,convert_to_gcda
FNF:5
FNH:5
DA:103,226
DA:105,226
DA:112,7
DA:114,7
DA:281,192
DA:285,192
DA:286,89
DA:287,89
DA:290,192
DA:305,103
DA:309,103
DA:310,48
DA:312,48
DA:313,48
DA:316,103
DA:326,8
DA:333,8
DA:336,8
DA:337,8
DA:338,8
DA:340,29
DA:341,22
DA:344,22
DA:345,22
DA:346,22
DA:347,22
DA:348,22
DA:350,22
DA:352,211
DA:353,190
DA:354,168
DA:357,22
DA:358,22
DA:359,22
DA:361,117
DA:362,96
DA:363,96
DA:366,21
DA:370,7
LF:39
LH:39
end_of_record
TN:
SF:/home/taste/work/air-dev/air/examples/gcov5/part0/base.c
FN:52,__gcov_init
FN:68,__gcov_exit
FN:84,__gcov_merge_add
FNDA:4,__gcov_init
FNDA:1,__gcov_exit
FNDA:0,__gcov_merge_add
FNF:3
FNH:2
DA:52,4
DA:54,4
DA:55,4
DA:56,4
DA:58,4
DA:59,0
DA:60,0
DA:62,4
DA:63,4
DA:64,4
DA:65,4
DA:68,1
DA:70,1
DA:71,1
DA:72,2
DA:74,1
DA:75,1
DA:77,1
DA:78,0
DA:79,0
DA:80,0
DA:82,0
DA:84,0
DA:86,0
DA:87,0
LF:25
LH:16
end_of_record
TN:
SF:/home/taste/work/air-dev/air/install/pos/rtems5/rtems5-install/sparc-rtems5/leon3/lib/include/rtems/confdefs.h
FN:1446,Init
FN:2267,__getreent
FNDA:1,Init
FNDA:0,__getreent
FNF:2
FNH:1
DA:1446,1
DA:2267,0
DA:2272,0
LF:3
LH:1
end_of_record
SF:/home/taste/work/air-dev/air/install/pos/rtems5/rtems5-install/sparc-rtems5/leon3/lib/include/rtems/score/percpu.h
FN:778,_Thread_Get_executing
FNDA:0,_Thread_Get_executing
FNF:1
FNH:0
DA:778,0
DA:788,0
DA:794,0
LF:3
LH:0
end_of_record
SF:/home/taste/work/air-dev/air/examples/gcov5/part0/init.c
FN:20,hm_isr_handler
FNDA:0,hm_isr_handler
FNF:1
FNH:0
DA:20,0
DA:24,0
DA:25,0
DA:42,1
DA:43,1
DA:46,1
DA:47,0
DA:48,0
LF:8
LH:3
end_of_record
